[2025-05-22 09:26:02,812][__main__][INFO] - Used config: n_samples_to_attack: 1500
data_split_to_attack: test
save_attack_artifacts: true
perform_training: false
perform_training_grid_search_hparams: false
perform_constraints_mining: false
perform_constraints_ranking: false
perform_constraints_soundness_evaluation: false
perform_attack: true
perform_projection: true
data:
  name: adult
  params:
    dataset_name: ${data.name}
    data_file_path: ${data.paths.data_file_path}
    metadata_file_path: ${data.paths.metadata_file_path}
    encoding_method: one_hot_encoding
    random_seed: 42
    train_proportion: 0.87
  paths:
    data_dir_path: data/${data.name}/raw-data
    data_file_path: ${data.paths.data_dir_path}/adult.data
    metadata_file_path: ${data.paths.data_dir_path}/adult.metadata.csv
    constraints_dir_path: data/${data.name}/mined-constraints
    raw_dcs_out_path: ${data.paths.constraints_dir_path}/adult-13cols__DC_threshold=0.01__fastadc_dcs.txt
    evaluated_dcs_out_path: ${data.paths.constraints_dir_path}/adult-13cols__DC_threshold=0.01__fastadc_dcs__eval.csv
ml_model:
  model_type: mlp
  model_artifact_path: trained-models/${data.name}-${ml_model.model_type}.ckpt
  perform_training: ${perform_training}
  perform_grid_search_hparams: ${perform_training_grid_search_hparams}
  default_hparams:
    n_layers: 3
    hidden_dim: 128
    lr: 0.001
    weight_decay: 1.0e-05
attack:
  attack_name: cafa
  random_init: true
  random_seed: null
  max_iter: 250
  max_iter_tabpgd: 100
  eps: 0.03333333333333333
  step_size: 0.0003333333333333333
  perturb_categorical_each_steps: 10
constraints:
  constrainer_params:
    evaluated_dcs_out_path: ${data.paths.evaluated_dcs_out_path}
    n_dcs: 5000
    n_tuples: 1
    limit_cost_ball: true
    cost_ball_eps: 0.03333333333333333
  projector_params:
    upper_projection_budget_bound: 0.5
  mining_params:
    perform_constraints_mining: ${perform_constraints_mining}
    perform_constraints_ranking: ${perform_constraints_ranking}
    raw_dcs_out_path: ${data.paths.raw_dcs_out_path}
    evaluated_dcs_out_path: ${data.paths.evaluated_dcs_out_path}
    approx_violation_threshold: 0.01
    path_to_fastadc_miner_jar: src/constraints/mining/resources/FastADC-1.0-SNAPSHOT.jar
    n_dcs_to_eval: 10000
    n_tuples_to_eval: 1000
    n_other_tuples_to_eval: 8000

[2025-05-22 09:26:03,880][src.models.utils][INFO] - Loading model from trained-models/adult-mlp.ckpt
[2025-05-22 09:26:03,999][art.estimators.classification.pytorch][INFO] - Inferred 2 hidden layers on PyTorch classifier.
[2025-05-22 09:26:04,118][__main__][INFO] - Initializing constraint set and projector for the attack.
[2025-05-22 09:28:15,197][__main__][INFO] - before-attack: {'is_misclassified_rate': 0.14, 'is_comp_rate': 0.712, 'is_mis_and_comp_rate': 0.09733333333333333, 'l0_costs_mean': 0.0, 'l0_costs_on_mis_mean': 0.0, 'l0_costs_on_mis_and_comp_mean': 0.0, 'stand_linf_costs_mean': 0.0, 'stand_linf_costs_on_mis_mean': 0.0, 'stand_linfcosts_costs_on_mis_and_comp_mean': 0.0}
[2025-05-22 09:28:15,198][__main__][INFO] - Executing CaFA attack.
[2025-05-22 09:36:41,310][__main__][INFO] - after-cafa: {'is_misclassified_rate': 0.9193333333333333, 'is_comp_rate': 0.3586666666666667, 'is_mis_and_comp_rate': 0.29133333333333333, 'l0_costs_mean': 4.397333333333333, 'l0_costs_on_mis_mean': 4.783176214648296, 'l0_costs_on_mis_and_comp_mean': 3.679633867276888, 'stand_linf_costs_mean': 0.03305311083935326, 'stand_linf_costs_on_mis_mean': 0.035953347540993386, 'stand_linfcosts_costs_on_mis_and_comp_mean': 0.03559130189926424}
[2025-05-22 09:36:41,311][__main__][INFO] - Executing projection of the crafted samples onto the constrained space.
[2025-05-22 10:03:10,252][__main__][INFO] - after-projection: {'is_misclassified_rate': 0.712, 'is_comp_rate': 0.6953333333333334, 'is_mis_and_comp_rate': 0.4126666666666667, 'l0_costs_mean': 5.0953333333333335, 'l0_costs_on_mis_mean': 5.213483146067416, 'l0_costs_on_mis_and_comp_mean': 4.69951534733441, 'stand_linf_costs_mean': 0.03575193747128783, 'stand_linf_costs_on_mis_mean': 0.03751085477670421, 'stand_linfcosts_costs_on_mis_and_comp_mean': 0.03802293927800087}
[2025-05-22 10:03:10,254][__main__][INFO] - Evaluations: {'before-attack': {'is_misclassified_rate': 0.14, 'is_comp_rate': 0.712, 'is_mis_and_comp_rate': 0.09733333333333333, 'l0_costs_mean': 0.0, 'l0_costs_on_mis_mean': 0.0, 'l0_costs_on_mis_and_comp_mean': 0.0, 'stand_linf_costs_mean': 0.0, 'stand_linf_costs_on_mis_mean': 0.0, 'stand_linfcosts_costs_on_mis_and_comp_mean': 0.0}, 'after-cafa': {'is_misclassified_rate': 0.9193333333333333, 'is_comp_rate': 0.3586666666666667, 'is_mis_and_comp_rate': 0.29133333333333333, 'l0_costs_mean': 4.397333333333333, 'l0_costs_on_mis_mean': 4.783176214648296, 'l0_costs_on_mis_and_comp_mean': 3.679633867276888, 'stand_linf_costs_mean': 0.03305311083935326, 'stand_linf_costs_on_mis_mean': 0.035953347540993386, 'stand_linfcosts_costs_on_mis_and_comp_mean': 0.03559130189926424}, 'after-cafa-projection': {'is_misclassified_rate': 0.712, 'is_comp_rate': 0.6953333333333334, 'is_mis_and_comp_rate': 0.4126666666666667, 'l0_costs_mean': 5.0953333333333335, 'l0_costs_on_mis_mean': 5.213483146067416, 'l0_costs_on_mis_and_comp_mean': 4.69951534733441, 'stand_linf_costs_mean': 0.03575193747128783, 'stand_linf_costs_on_mis_mean': 0.03751085477670421, 'stand_linfcosts_costs_on_mis_and_comp_mean': 0.03802293927800087}}
[2025-05-22 10:03:44,662][__main__][INFO] - Finished run. results saved in /Users/ojasvisharma/Desktop/clone /attack-tabular/outputs/2025-05-22/09-26-02
